  [1m[35m (147.8ms)[0m  [1m[35mCREATE DATABASE "Reddit_App_development" ENCODING = 'unicode'[0m
  [1m[35m (50.1ms)[0m  [1m[35mCREATE DATABASE "Reddit_App_test" ENCODING = 'unicode'[0m
  [1m[35m (11.9ms)[0m  [1m[35mCREATE TABLE "schema_migrations" ("version" character varying NOT NULL PRIMARY KEY)[0m
  [1m[35m (4.9ms)[0m  [1m[35mCREATE TABLE "ar_internal_metadata" ("key" character varying NOT NULL PRIMARY KEY, "value" character varying, "created_at" timestamp(6) NOT NULL, "updated_at" timestamp(6) NOT NULL)[0m
  [1m[35m (0.5ms)[0m  [1m[34mSELECT pg_try_advisory_lock(3312429810142434240)[0m
  [1m[36mActiveRecord::SchemaMigration Pluck (0.4ms)[0m  [1m[34mSELECT "schema_migrations"."version" FROM "schema_migrations" ORDER BY "schema_migrations"."version" ASC[0m
Migrating to CreateUsers (20221118172805)
  [1m[36mTRANSACTION (0.1ms)[0m  [1m[35mBEGIN[0m
  [1m[35m (6.5ms)[0m  [1m[35mCREATE TABLE "users" ("id" bigserial primary key, "username" character varying NOT NULL, "password_digest" character varying NOT NULL, "session_token" character varying NOT NULL, "created_at" timestamp(6) NOT NULL, "updated_at" timestamp(6) NOT NULL)[0m
  [1m[35m (1.6ms)[0m  [1m[35mCREATE UNIQUE INDEX "index_users_on_username" ON "users" ("username")[0m
  [1m[35m (0.8ms)[0m  [1m[35mCREATE UNIQUE INDEX "index_users_on_session_token" ON "users" ("session_token")[0m
  [1m[36mActiveRecord::SchemaMigration Create (0.6ms)[0m  [1m[32mINSERT INTO "schema_migrations" ("version") VALUES ($1) RETURNING "version"[0m  [["version", "20221118172805"]]
  [1m[36mTRANSACTION (3.1ms)[0m  [1m[35mCOMMIT[0m
  [1m[36mActiveRecord::InternalMetadata Load (0.4ms)[0m  [1m[34mSELECT "ar_internal_metadata".* FROM "ar_internal_metadata" WHERE "ar_internal_metadata"."key" = $1 LIMIT $2[0m  [["key", "environment"], ["LIMIT", 1]]
  [1m[36mTRANSACTION (0.1ms)[0m  [1m[35mBEGIN[0m
  [1m[36mActiveRecord::InternalMetadata Create (0.5ms)[0m  [1m[32mINSERT INTO "ar_internal_metadata" ("key", "value", "created_at", "updated_at") VALUES ($1, $2, $3, $4) RETURNING "key"[0m  [["key", "environment"], ["value", "development"], ["created_at", "2022-11-18 17:30:15.471887"], ["updated_at", "2022-11-18 17:30:15.471887"]]
  [1m[36mTRANSACTION (0.2ms)[0m  [1m[35mCOMMIT[0m
  [1m[35m (0.5ms)[0m  [1m[34mSELECT pg_advisory_unlock(3312429810142434240)[0m
  [1m[36mActiveRecord::SchemaMigration Pluck (0.6ms)[0m  [1m[34mSELECT "schema_migrations"."version" FROM "schema_migrations" ORDER BY "schema_migrations"."version" ASC[0m
  [1m[36mActiveRecord::SchemaMigration Pluck (0.9ms)[0m  [1m[34mSELECT "schema_migrations"."version" FROM "schema_migrations" ORDER BY "schema_migrations"."version" ASC[0m
Started GET "/users/new" for ::1 at 2022-11-18 10:57:44 -0800
Started GET "/users/new" for ::1 at 2022-11-18 10:57:44 -0800
  
ActiveRecord::NoDatabaseError (We could not find your database: Reddit_App_development. Which can be found in the database configuration file located at config/database.yml.

To resolve this issue:

- Did you create the database for this app, or delete it? You may need to create your database.
- Has the database name changed? Check your database.yml config has the correct database name.

To create your database, run:

        bin/rails db:create
):
  
activerecord (7.0.4) lib/active_record/connection_adapters/postgresql_adapter.rb:81:in `rescue in new_client'
activerecord (7.0.4) lib/active_record/connection_adapters/postgresql_adapter.rb:77:in `new_client'
activerecord (7.0.4) lib/active_record/connection_adapters/postgresql_adapter.rb:37:in `postgresql_connection'
activerecord (7.0.4) lib/active_record/connection_adapters/abstract/connection_pool.rb:656:in `public_send'
activerecord (7.0.4) lib/active_record/connection_adapters/abstract/connection_pool.rb:656:in `new_connection'
activerecord (7.0.4) lib/active_record/connection_adapters/abstract/connection_pool.rb:700:in `checkout_new_connection'
activerecord (7.0.4) lib/active_record/connection_adapters/abstract/connection_pool.rb:679:in `try_to_checkout_new_connection'
activerecord (7.0.4) lib/active_record/connection_adapters/abstract/connection_pool.rb:640:in `acquire_connection'
activerecord (7.0.4) lib/active_record/connection_adapters/abstract/connection_pool.rb:341:in `checkout'
activerecord (7.0.4) lib/active_record/connection_adapters/abstract/connection_pool.rb:181:in `connection'
activerecord (7.0.4) lib/active_record/connection_adapters/abstract/connection_handler.rb:211:in `retrieve_connection'
activerecord (7.0.4) lib/active_record/connection_handling.rb:313:in `retrieve_connection'
activerecord (7.0.4) lib/active_record/connection_handling.rb:280:in `connection'
activerecord (7.0.4) lib/active_record/migration.rb:613:in `connection'
activerecord (7.0.4) lib/active_record/migration.rb:608:in `build_watcher'
activerecord (7.0.4) lib/active_record/migration.rb:590:in `block in call'
activerecord (7.0.4) lib/active_record/migration.rb:589:in `synchronize'
activerecord (7.0.4) lib/active_record/migration.rb:589:in `call'
actionpack (7.0.4) lib/action_dispatch/middleware/callbacks.rb:27:in `block in call'
activesupport (7.0.4) lib/active_support/callbacks.rb:99:in `run_callbacks'
actionpack (7.0.4) lib/action_dispatch/middleware/callbacks.rb:26:in `call'
actionpack (7.0.4) lib/action_dispatch/middleware/executor.rb:14:in `call'
actionpack (7.0.4) lib/action_dispatch/middleware/actionable_exceptions.rb:17:in `call'
actionpack (7.0.4) lib/action_dispatch/middleware/debug_exceptions.rb:28:in `call'
actionpack (7.0.4) lib/action_dispatch/middleware/show_exceptions.rb:26:in `call'
railties (7.0.4) lib/rails/rack/logger.rb:40:in `call_app'
railties (7.0.4) lib/rails/rack/logger.rb:25:in `block in call'
activesupport (7.0.4) lib/active_support/tagged_logging.rb:99:in `block in tagged'
activesupport (7.0.4) lib/active_support/tagged_logging.rb:37:in `tagged'
activesupport (7.0.4) lib/active_support/tagged_logging.rb:99:in `tagged'
railties (7.0.4) lib/rails/rack/logger.rb:25:in `call'
sprockets-rails (3.4.2) lib/sprockets/rails/quiet_assets.rb:13:in `call'
actionpack (7.0.4) lib/action_dispatch/middleware/remote_ip.rb:93:in `call'
actionpack (7.0.4) lib/action_dispatch/middleware/request_id.rb:26:in `call'
rack (2.2.4) lib/rack/method_override.rb:24:in `call'
rack (2.2.4) lib/rack/runtime.rb:22:in `call'
activesupport (7.0.4) lib/active_support/cache/strategy/local_cache_middleware.rb:29:in `call'
actionpack (7.0.4) lib/action_dispatch/middleware/server_timing.rb:61:in `block in call'
actionpack (7.0.4) lib/action_dispatch/middleware/server_timing.rb:26:in `collect_events'
actionpack (7.0.4) lib/action_dispatch/middleware/server_timing.rb:60:in `call'
actionpack (7.0.4) lib/action_dispatch/middleware/executor.rb:14:in `call'
actionpack (7.0.4) lib/action_dispatch/middleware/static.rb:23:in `call'
rack (2.2.4) lib/rack/sendfile.rb:110:in `call'
actionpack (7.0.4) lib/action_dispatch/middleware/host_authorization.rb:137:in `call'
railties (7.0.4) lib/rails/engine.rb:530:in `call'
puma (5.6.5) lib/puma/configuration.rb:252:in `call'
puma (5.6.5) lib/puma/request.rb:77:in `block in handle_request'
puma (5.6.5) lib/puma/thread_pool.rb:340:in `with_force_shutdown'
puma (5.6.5) lib/puma/request.rb:76:in `handle_request'
puma (5.6.5) lib/puma/server.rb:443:in `process_client'
puma (5.6.5) lib/puma/thread_pool.rb:147:in `block in spawn_thread'
  
ActiveRecord::NoDatabaseError (We could not find your database: Reddit_App_development. Which can be found in the database configuration file located at config/database.yml.

To resolve this issue:

- Did you create the database for this app, or delete it? You may need to create your database.
- Has the database name changed? Check your database.yml config has the correct database name.

To create your database, run:

        bin/rails db:create
):
  
activerecord (7.0.4) lib/active_record/connection_adapters/postgresql_adapter.rb:81:in `rescue in new_client'
activerecord (7.0.4) lib/active_record/connection_adapters/postgresql_adapter.rb:77:in `new_client'
activerecord (7.0.4) lib/active_record/connection_adapters/postgresql_adapter.rb:37:in `postgresql_connection'
activerecord (7.0.4) lib/active_record/connection_adapters/abstract/connection_pool.rb:656:in `public_send'
activerecord (7.0.4) lib/active_record/connection_adapters/abstract/connection_pool.rb:656:in `new_connection'
activerecord (7.0.4) lib/active_record/connection_adapters/abstract/connection_pool.rb:700:in `checkout_new_connection'
activerecord (7.0.4) lib/active_record/connection_adapters/abstract/connection_pool.rb:679:in `try_to_checkout_new_connection'
activerecord (7.0.4) lib/active_record/connection_adapters/abstract/connection_pool.rb:640:in `acquire_connection'
activerecord (7.0.4) lib/active_record/connection_adapters/abstract/connection_pool.rb:341:in `checkout'
activerecord (7.0.4) lib/active_record/connection_adapters/abstract/connection_pool.rb:181:in `connection'
activerecord (7.0.4) lib/active_record/connection_adapters/abstract/connection_handler.rb:211:in `retrieve_connection'
activerecord (7.0.4) lib/active_record/connection_handling.rb:313:in `retrieve_connection'
activerecord (7.0.4) lib/active_record/connection_handling.rb:280:in `connection'
activerecord (7.0.4) lib/active_record/migration.rb:613:in `connection'
activerecord (7.0.4) lib/active_record/migration.rb:608:in `build_watcher'
activerecord (7.0.4) lib/active_record/migration.rb:590:in `block in call'
activerecord (7.0.4) lib/active_record/migration.rb:589:in `synchronize'
activerecord (7.0.4) lib/active_record/migration.rb:589:in `call'
actionpack (7.0.4) lib/action_dispatch/middleware/callbacks.rb:27:in `block in call'
activesupport (7.0.4) lib/active_support/callbacks.rb:99:in `run_callbacks'
actionpack (7.0.4) lib/action_dispatch/middleware/callbacks.rb:26:in `call'
actionpack (7.0.4) lib/action_dispatch/middleware/executor.rb:14:in `call'
actionpack (7.0.4) lib/action_dispatch/middleware/actionable_exceptions.rb:17:in `call'
actionpack (7.0.4) lib/action_dispatch/middleware/debug_exceptions.rb:28:in `call'
actionpack (7.0.4) lib/action_dispatch/middleware/show_exceptions.rb:26:in `call'
railties (7.0.4) lib/rails/rack/logger.rb:40:in `call_app'
railties (7.0.4) lib/rails/rack/logger.rb:25:in `block in call'
activesupport (7.0.4) lib/active_support/tagged_logging.rb:99:in `block in tagged'
activesupport (7.0.4) lib/active_support/tagged_logging.rb:37:in `tagged'
activesupport (7.0.4) lib/active_support/tagged_logging.rb:99:in `tagged'
railties (7.0.4) lib/rails/rack/logger.rb:25:in `call'
sprockets-rails (3.4.2) lib/sprockets/rails/quiet_assets.rb:13:in `call'
actionpack (7.0.4) lib/action_dispatch/middleware/remote_ip.rb:93:in `call'
actionpack (7.0.4) lib/action_dispatch/middleware/request_id.rb:26:in `call'
rack (2.2.4) lib/rack/method_override.rb:24:in `call'
rack (2.2.4) lib/rack/runtime.rb:22:in `call'
activesupport (7.0.4) lib/active_support/cache/strategy/local_cache_middleware.rb:29:in `call'
actionpack (7.0.4) lib/action_dispatch/middleware/server_timing.rb:61:in `block in call'
actionpack (7.0.4) lib/action_dispatch/middleware/server_timing.rb:26:in `collect_events'
actionpack (7.0.4) lib/action_dispatch/middleware/server_timing.rb:60:in `call'
actionpack (7.0.4) lib/action_dispatch/middleware/executor.rb:14:in `call'
actionpack (7.0.4) lib/action_dispatch/middleware/static.rb:23:in `call'
rack (2.2.4) lib/rack/sendfile.rb:110:in `call'
actionpack (7.0.4) lib/action_dispatch/middleware/host_authorization.rb:137:in `call'
railties (7.0.4) lib/rails/engine.rb:530:in `call'
puma (5.6.5) lib/puma/configuration.rb:252:in `call'
puma (5.6.5) lib/puma/request.rb:77:in `block in handle_request'
puma (5.6.5) lib/puma/thread_pool.rb:340:in `with_force_shutdown'
puma (5.6.5) lib/puma/request.rb:76:in `handle_request'
puma (5.6.5) lib/puma/server.rb:443:in `process_client'
puma (5.6.5) lib/puma/thread_pool.rb:147:in `block in spawn_thread'
  [1m[35m (3333.8ms)[0m  [1m[35mCREATE DATABASE "Reddit_App_development" ENCODING = 'unicode'[0m
  [1m[35m (2136.7ms)[0m  [1m[35mCREATE DATABASE "Reddit_App_test" ENCODING = 'unicode'[0m
  [1m[35m (144.0ms)[0m  [1m[35mCREATE TABLE "schema_migrations" ("version" character varying NOT NULL PRIMARY KEY)[0m
  [1m[35m (12.9ms)[0m  [1m[35mCREATE TABLE "ar_internal_metadata" ("key" character varying NOT NULL PRIMARY KEY, "value" character varying, "created_at" timestamp(6) NOT NULL, "updated_at" timestamp(6) NOT NULL)[0m
  [1m[35m (0.5ms)[0m  [1m[34mSELECT pg_try_advisory_lock(3312429810142434240)[0m
  [1m[36mActiveRecord::SchemaMigration Pluck (8.5ms)[0m  [1m[34mSELECT "schema_migrations"."version" FROM "schema_migrations" ORDER BY "schema_migrations"."version" ASC[0m
Migrating to CreateUsers (20221118172805)
  [1m[36mTRANSACTION (0.2ms)[0m  [1m[35mBEGIN[0m
  [1m[35m (59.0ms)[0m  [1m[35mCREATE TABLE "users" ("id" bigserial primary key, "username" character varying NOT NULL, "password_digest" character varying NOT NULL, "session_token" character varying NOT NULL, "created_at" timestamp(6) NOT NULL, "updated_at" timestamp(6) NOT NULL)[0m
  [1m[35m (2.3ms)[0m  [1m[35mCREATE UNIQUE INDEX "index_users_on_username" ON "users" ("username")[0m
  [1m[35m (1.2ms)[0m  [1m[35mCREATE UNIQUE INDEX "index_users_on_session_token" ON "users" ("session_token")[0m
  [1m[36mActiveRecord::SchemaMigration Create (42.7ms)[0m  [1m[32mINSERT INTO "schema_migrations" ("version") VALUES ($1) RETURNING "version"[0m  [["version", "20221118172805"]]
  [1m[36mTRANSACTION (12.4ms)[0m  [1m[35mCOMMIT[0m
  [1m[36mActiveRecord::InternalMetadata Load (23.9ms)[0m  [1m[34mSELECT "ar_internal_metadata".* FROM "ar_internal_metadata" WHERE "ar_internal_metadata"."key" = $1 LIMIT $2[0m  [["key", "environment"], ["LIMIT", 1]]
  [1m[36mTRANSACTION (0.2ms)[0m  [1m[35mBEGIN[0m
  [1m[36mActiveRecord::InternalMetadata Create (30.8ms)[0m  [1m[32mINSERT INTO "ar_internal_metadata" ("key", "value", "created_at", "updated_at") VALUES ($1, $2, $3, $4) RETURNING "key"[0m  [["key", "environment"], ["value", "development"], ["created_at", "2022-11-18 18:58:45.290494"], ["updated_at", "2022-11-18 18:58:45.290494"]]
  [1m[36mTRANSACTION (1.1ms)[0m  [1m[35mCOMMIT[0m
  [1m[35m (0.7ms)[0m  [1m[34mSELECT pg_advisory_unlock(3312429810142434240)[0m
  [1m[36mActiveRecord::SchemaMigration Pluck (1.3ms)[0m  [1m[34mSELECT "schema_migrations"."version" FROM "schema_migrations" ORDER BY "schema_migrations"."version" ASC[0m
Started GET "/users/new" for ::1 at 2022-11-18 10:59:04 -0800
  [1m[36mActiveRecord::SchemaMigration Pluck (8.9ms)[0m  [1m[34mSELECT "schema_migrations"."version" FROM "schema_migrations" ORDER BY "schema_migrations"."version" ASC[0m
  
SyntaxError (/Users/wbannister/Library/CloudStorage/OneDrive-Personal/aa/Classwork/W7/W7D5/Reddit_APP_W7D5/Reddit_App/app/controllers/users_controller.rb:11: syntax error, unexpected label
...r.errors.full_messages, status: 422
...                        ^~~~~~~
):
  
app/controllers/users_controller.rb:11: syntax error, unexpected label
app/controllers/users_controller.rb:11: syntax error, unexpected label
Started GET "/users/new" for ::1 at 2022-11-18 11:00:03 -0800
Processing by UsersController#new as HTML
Completed 500 Internal Server Error in 98ms (ActiveRecord: 39.4ms | Allocations: 6881)


  
ActionView::MissingTemplate (Missing template users/new, application/new with {:locale=>[:en], :formats=>[:html], :variants=>[], :handlers=>[:raw, :erb, :html, :builder, :ruby]}.

Searched in:
  * "/Users/wbannister/Library/CloudStorage/OneDrive-Personal/aa/Classwork/W7/W7D5/Reddit_APP_W7D5/Reddit_App/app/views"

Did you mean?  layouts/users/new
               layouts/application):
  
app/controllers/users_controller.rb:19:in `new'
Started GET "/users/new" for ::1 at 2022-11-18 11:01:00 -0800
Processing by UsersController#new as HTML
  Rendering layout layouts/application.html.erb
  Rendering users/new.html.erb within layouts/application
  Rendered users/new.html.erb within layouts/application (Duration: 88.7ms | Allocations: 3668)
  Rendered layout layouts/application.html.erb (Duration: 89.3ms | Allocations: 3757)
Completed 500 Internal Server Error in 96ms (ActiveRecord: 0.0ms | Allocations: 4527)


  
ActionView::Template::Error (undefined local variable or method `form_authentication_token' for #<ActionView::Base:0x00000000005550>

  <input type="hidden" name="authentication_token" value="'.freeze;@output_buffer.append=( form_authentication_token );@output_buffer.safe_append='">
                                                                                           ^^^^^^^^^^^^^^^^^^^^^^^^^
Did you mean?  form_authenticity_token):
    1: <h1>Sign Up</h1>
    2: 
    3: <form action=<%= users_url %> method="POST">
    4:   <input type="hidden" name="authentication_token" value="<%= form_authentication_token %>">
    5: 
    6:   <label>Username:
    7:     <input type="text" name="user[username]" value="<%= @user.username %>">
  
app/views/users/new.html.erb:4
app/controllers/users_controller.rb:19:in `new'
Started GET "/users/new" for ::1 at 2022-11-18 11:01:39 -0800
Processing by UsersController#new as HTML
  Rendering layout layouts/application.html.erb
  Rendering users/new.html.erb within layouts/application
  Rendered users/new.html.erb within layouts/application (Duration: 13.7ms | Allocations: 774)
  Rendered layout layouts/application.html.erb (Duration: 84.0ms | Allocations: 7087)
Completed 200 OK in 92ms (Views: 91.3ms | ActiveRecord: 0.0ms | Allocations: 7906)


Started POST "/users" for ::1 at 2022-11-18 11:01:46 -0800
Processing by UsersController#create as HTML
  Parameters: {"authenticity_token"=>"[FILTERED]", "user"=>{"username"=>"test1", "password"=>"[FILTERED]"}}
Completed 500 Internal Server Error in 18ms (ActiveRecord: 0.0ms | Allocations: 3242)


  
NameError (uninitialized constant User::BCrypt

        self.password_digest = BCrypt::Password.create(password)
                               ^^^^^^):
  
app/models/user.rb:32:in `password='
app/controllers/users_controller.rb:5:in `create'
Started POST "/users" for ::1 at 2022-11-18 11:02:22 -0800
Processing by UsersController#create as HTML
  Parameters: {"authenticity_token"=>"[FILTERED]", "user"=>{"username"=>"test1", "password"=>"[FILTERED]"}}
Completed 500 Internal Server Error in 12ms (ActiveRecord: 0.0ms | Allocations: 2981)


  
NameError (uninitialized constant User::BCrypt

        self.password_digest = BCrypt::Password.create(password)
                               ^^^^^^):
  
app/models/user.rb:32:in `password='
app/controllers/users_controller.rb:5:in `create'
Started POST "/users" for ::1 at 2022-11-18 11:03:50 -0800
  [1m[36mActiveRecord::SchemaMigration Pluck (1.2ms)[0m  [1m[34mSELECT "schema_migrations"."version" FROM "schema_migrations" ORDER BY "schema_migrations"."version" ASC[0m
Processing by UsersController#create as HTML
  Parameters: {"authenticity_token"=>"[FILTERED]", "user"=>{"username"=>"test1", "password"=>"[FILTERED]"}}
  [1m[36mTRANSACTION (0.2ms)[0m  [1m[35mBEGIN[0m
  ↳ app/models/user.rb:46:in `generate_session_token'
  [1m[36mUser Exists? (86.7ms)[0m  [1m[34mSELECT 1 AS one FROM "users" WHERE "users"."id" = $1 LIMIT $2[0m  [["id", 174], ["LIMIT", 1]]
  ↳ app/models/user.rb:46:in `generate_session_token'
  [1m[36mUser Exists? (113.2ms)[0m  [1m[34mSELECT 1 AS one FROM "users" WHERE "users"."username" = $1 LIMIT $2[0m  [["username", "test1"], ["LIMIT", 1]]
  ↳ app/controllers/users_controller.rb:7:in `create'
  [1m[36mUser Exists? (1.2ms)[0m  [1m[34mSELECT 1 AS one FROM "users" WHERE "users"."session_token" = $1 LIMIT $2[0m  [["session_token", "[FILTERED]"], ["LIMIT", 1]]
  ↳ app/controllers/users_controller.rb:7:in `create'
  [1m[36mUser Create (32.2ms)[0m  [1m[32mINSERT INTO "users" ("username", "password_digest", "session_token", "created_at", "updated_at") VALUES ($1, $2, $3, $4, $5) RETURNING "id"[0m  [["username", "test1"], ["password_digest", "[FILTERED]"], ["session_token", "[FILTERED]"], ["created_at", "2022-11-18 19:03:54.263108"], ["updated_at", "2022-11-18 19:03:54.263108"]]
  ↳ app/controllers/users_controller.rb:7:in `create'
  [1m[36mTRANSACTION (0.8ms)[0m  [1m[35mCOMMIT[0m
  ↳ app/controllers/users_controller.rb:7:in `create'
Completed 500 Internal Server Error in 1347ms (ActiveRecord: 294.5ms | Allocations: 15452)


  
NameError (undefined local variable or method `user' for #<UsersController:0x00000000004880>

            login!(user)
                   ^^^^
Did you mean?  @user):
  
app/controllers/users_controller.rb:8:in `create'
Started POST "/users" for ::1 at 2022-11-18 11:04:10 -0800
Processing by UsersController#create as HTML
  Parameters: {"authenticity_token"=>"[FILTERED]", "user"=>{"username"=>"test1", "password"=>"[FILTERED]"}}
  [1m[36mTRANSACTION (0.2ms)[0m  [1m[35mBEGIN[0m
  ↳ app/models/user.rb:46:in `generate_session_token'
  [1m[36mUser Exists? (1.2ms)[0m  [1m[34mSELECT 1 AS one FROM "users" WHERE "users"."id" = $1 LIMIT $2[0m  [["id", nil], ["LIMIT", 1]]
  ↳ app/models/user.rb:46:in `generate_session_token'
  [1m[36mUser Exists? (0.5ms)[0m  [1m[34mSELECT 1 AS one FROM "users" WHERE "users"."username" = $1 LIMIT $2[0m  [["username", "test1"], ["LIMIT", 1]]
  ↳ app/controllers/users_controller.rb:7:in `create'
  [1m[36mUser Exists? (15.0ms)[0m  [1m[34mSELECT 1 AS one FROM "users" WHERE "users"."session_token" = $1 LIMIT $2[0m  [["session_token", "[FILTERED]"], ["LIMIT", 1]]
  ↳ app/controllers/users_controller.rb:7:in `create'
  [1m[36mTRANSACTION (13.8ms)[0m  [1m[31mROLLBACK[0m
  ↳ app/controllers/users_controller.rb:7:in `create'
  Rendering layout layouts/application.html.erb
  Rendering users/new.html.erb within layouts/application
  Rendered users/new.html.erb within layouts/application (Duration: 5.5ms | Allocations: 332)
  Rendered layout layouts/application.html.erb (Duration: 37.6ms | Allocations: 3483)
Completed 200 OK in 1564ms (Views: 79.4ms | ActiveRecord: 41.5ms | Allocations: 13915)


Started GET "/users/new" for ::1 at 2022-11-18 11:04:14 -0800
Processing by UsersController#new as HTML
  Rendering layout layouts/application.html.erb
  Rendering users/new.html.erb within layouts/application
  Rendered users/new.html.erb within layouts/application (Duration: 1.4ms | Allocations: 603)
  Rendered layout layouts/application.html.erb (Duration: 9.1ms | Allocations: 1677)
Completed 200 OK in 11ms (Views: 10.5ms | ActiveRecord: 0.0ms | Allocations: 1976)


Started POST "/users" for ::1 at 2022-11-18 11:04:24 -0800
Processing by UsersController#create as HTML
  Parameters: {"authenticity_token"=>"[FILTERED]", "user"=>{"username"=>"test2", "password"=>"[FILTERED]"}}
  [1m[36mTRANSACTION (0.3ms)[0m  [1m[35mBEGIN[0m
  ↳ app/models/user.rb:46:in `generate_session_token'
  [1m[36mUser Exists? (14.3ms)[0m  [1m[34mSELECT 1 AS one FROM "users" WHERE "users"."id" = $1 LIMIT $2[0m  [["id", nil], ["LIMIT", 1]]
  ↳ app/models/user.rb:46:in `generate_session_token'
  [1m[36mUser Exists? (0.5ms)[0m  [1m[34mSELECT 1 AS one FROM "users" WHERE "users"."username" = $1 LIMIT $2[0m  [["username", "test2"], ["LIMIT", 1]]
  ↳ app/controllers/users_controller.rb:7:in `create'
  [1m[36mUser Exists? (0.6ms)[0m  [1m[34mSELECT 1 AS one FROM "users" WHERE "users"."session_token" = $1 LIMIT $2[0m  [["session_token", "[FILTERED]"], ["LIMIT", 1]]
  ↳ app/controllers/users_controller.rb:7:in `create'
  [1m[36mUser Create (0.4ms)[0m  [1m[32mINSERT INTO "users" ("username", "password_digest", "session_token", "created_at", "updated_at") VALUES ($1, $2, $3, $4, $5) RETURNING "id"[0m  [["username", "test2"], ["password_digest", "[FILTERED]"], ["session_token", "[FILTERED]"], ["created_at", "2022-11-18 19:04:25.133303"], ["updated_at", "2022-11-18 19:04:25.133303"]]
  ↳ app/controllers/users_controller.rb:7:in `create'
  [1m[36mTRANSACTION (1.3ms)[0m  [1m[35mCOMMIT[0m
  ↳ app/controllers/users_controller.rb:7:in `create'
  [1m[36mUser Exists? (0.4ms)[0m  [1m[34mSELECT 1 AS one FROM "users" WHERE "users"."id" = $1 LIMIT $2[0m  [["id", nil], ["LIMIT", 1]]
  ↳ app/models/user.rb:46:in `generate_session_token'
Redirected to http://localhost:3000/users/2
Completed 302 Found in 639ms (ActiveRecord: 17.9ms | Allocations: 5279)


Started GET "/users/2" for ::1 at 2022-11-18 11:04:25 -0800
Processing by UsersController#show as HTML
  Parameters: {"id"=>"2"}
  [1m[36mUser Load (11.2ms)[0m  [1m[34mSELECT "users".* FROM "users" WHERE "users"."session_token" = $1 LIMIT $2[0m  [["session_token", "[FILTERED]"], ["LIMIT", 1]]
  ↳ app/controllers/application_controller.rb:5:in `current_user'
Redirected to http://localhost:3000/session/new
Filter chain halted as :require_logged_in rendered or redirected
Completed 302 Found in 40ms (ActiveRecord: 12.8ms | Allocations: 1370)


Started GET "/session/new" for ::1 at 2022-11-18 11:04:25 -0800
Processing by SessionsController#new as HTML
Completed 500 Internal Server Error in 4ms (ActiveRecord: 0.0ms | Allocations: 778)


  
ActionView::MissingTemplate (Missing template sessions/new, application/new with {:locale=>[:en], :formats=>[:html], :variants=>[], :handlers=>[:raw, :erb, :html, :builder, :ruby]}.

Searched in:
  * "/Users/wbannister/Library/CloudStorage/OneDrive-Personal/aa/Classwork/W7/W7D5/Reddit_APP_W7D5/Reddit_App/app/views"

Did you mean?  users/new
               layouts/application):
  
app/controllers/sessions_controller.rb:15:in `new'
Started POST "/users" for ::1 at 2022-11-18 11:09:17 -0800
Processing by UsersController#create as HTML
  Parameters: {"authenticity_token"=>"[FILTERED]", "user"=>{"username"=>"test3", "password"=>"[FILTERED]"}}
  [1m[36mTRANSACTION (0.2ms)[0m  [1m[35mBEGIN[0m
  ↳ app/models/user.rb:46:in `generate_session_token'
  [1m[36mUser Exists? (7.1ms)[0m  [1m[34mSELECT 1 AS one FROM "users" WHERE "users"."id" = $1 LIMIT $2[0m  [["id", nil], ["LIMIT", 1]]
  ↳ app/models/user.rb:46:in `generate_session_token'
  [1m[36mUser Exists? (1.9ms)[0m  [1m[34mSELECT 1 AS one FROM "users" WHERE "users"."username" = $1 LIMIT $2[0m  [["username", "test3"], ["LIMIT", 1]]
  ↳ app/controllers/users_controller.rb:7:in `create'
  [1m[36mUser Exists? (0.6ms)[0m  [1m[34mSELECT 1 AS one FROM "users" WHERE "users"."session_token" = $1 LIMIT $2[0m  [["session_token", "[FILTERED]"], ["LIMIT", 1]]
  ↳ app/controllers/users_controller.rb:7:in `create'
  [1m[36mUser Create (87.2ms)[0m  [1m[32mINSERT INTO "users" ("username", "password_digest", "session_token", "created_at", "updated_at") VALUES ($1, $2, $3, $4, $5) RETURNING "id"[0m  [["username", "test3"], ["password_digest", "[FILTERED]"], ["session_token", "[FILTERED]"], ["created_at", "2022-11-18 19:09:19.181398"], ["updated_at", "2022-11-18 19:09:19.181398"]]
  ↳ app/controllers/users_controller.rb:7:in `create'
  [1m[36mTRANSACTION (1.7ms)[0m  [1m[35mCOMMIT[0m
  ↳ app/controllers/users_controller.rb:7:in `create'
  [1m[36mUser Exists? (59.9ms)[0m  [1m[34mSELECT 1 AS one FROM "users" WHERE "users"."id" = $1 LIMIT $2[0m  [["id", nil], ["LIMIT", 1]]
  ↳ app/models/user.rb:46:in `generate_session_token'
Redirected to http://localhost:3000/users/3
Completed 302 Found in 2201ms (ActiveRecord: 158.6ms | Allocations: 5191)


Started GET "/users/3" for ::1 at 2022-11-18 11:09:20 -0800
Processing by UsersController#show as HTML
  Parameters: {"id"=>"3"}
  [1m[36mUser Load (11.8ms)[0m  [1m[34mSELECT "users".* FROM "users" WHERE "users"."session_token" = $1 LIMIT $2[0m  [["session_token", "[FILTERED]"], ["LIMIT", 1]]
  ↳ app/controllers/application_controller.rb:5:in `current_user'
Redirected to http://localhost:3000/session/new
Filter chain halted as :require_logged_in rendered or redirected
Completed 302 Found in 39ms (ActiveRecord: 11.8ms | Allocations: 1128)


Started GET "/session/new" for ::1 at 2022-11-18 11:09:20 -0800
Processing by SessionsController#new as HTML
  Rendering layout layouts/application.html.erb
  Rendering sessions/new.html.erb within layouts/application
  Rendered sessions/new.html.erb within layouts/application (Duration: 9.5ms | Allocations: 955)
  Rendered layout layouts/application.html.erb (Duration: 26.9ms | Allocations: 2328)
Completed 200 OK in 31ms (Views: 30.6ms | ActiveRecord: 0.0ms | Allocations: 3088)


Started GET "/users/new" for ::1 at 2022-11-18 11:10:07 -0800
Processing by UsersController#new as HTML
  Rendering layout layouts/application.html.erb
  Rendering users/new.html.erb within layouts/application
  Rendered users/new.html.erb within layouts/application (Duration: 4.7ms | Allocations: 790)
  Rendered layout layouts/application.html.erb (Duration: 10.1ms | Allocations: 1930)
Completed 200 OK in 20ms (Views: 18.6ms | ActiveRecord: 0.0ms | Allocations: 2510)


Started GET "/users/" for ::1 at 2022-11-18 11:10:16 -0800
Processing by UsersController#index as HTML
  [1m[36mUser Load (20.3ms)[0m  [1m[34mSELECT "users".* FROM "users" WHERE "users"."session_token" = $1 LIMIT $2[0m  [["session_token", "[FILTERED]"], ["LIMIT", 1]]
  ↳ app/controllers/application_controller.rb:5:in `current_user'
Redirected to http://localhost:3000/session/new
Filter chain halted as :require_logged_in rendered or redirected
Completed 302 Found in 29ms (ActiveRecord: 20.3ms | Allocations: 1202)


Started GET "/session/new" for ::1 at 2022-11-18 11:10:16 -0800
Processing by SessionsController#new as HTML
  Rendering layout layouts/application.html.erb
  Rendering sessions/new.html.erb within layouts/application
  Rendered sessions/new.html.erb within layouts/application (Duration: 1.6ms | Allocations: 549)
  Rendered layout layouts/application.html.erb (Duration: 8.8ms | Allocations: 1492)
Completed 200 OK in 13ms (Views: 12.3ms | ActiveRecord: 0.0ms | Allocations: 1715)


Started GET "/users" for ::1 at 2022-11-18 11:10:27 -0800
Processing by UsersController#index as HTML
  [1m[36mUser Load (0.3ms)[0m  [1m[34mSELECT "users".* FROM "users" WHERE "users"."session_token" = $1 LIMIT $2[0m  [["session_token", "[FILTERED]"], ["LIMIT", 1]]
  ↳ app/controllers/application_controller.rb:5:in `current_user'
Redirected to http://localhost:3000/session/new
Filter chain halted as :require_logged_in rendered or redirected
Completed 302 Found in 19ms (ActiveRecord: 0.3ms | Allocations: 1118)


Started GET "/session/new" for ::1 at 2022-11-18 11:10:27 -0800
Processing by SessionsController#new as HTML
  Rendering layout layouts/application.html.erb
  Rendering sessions/new.html.erb within layouts/application
  Rendered sessions/new.html.erb within layouts/application (Duration: 4.8ms | Allocations: 552)
  Rendered layout layouts/application.html.erb (Duration: 12.6ms | Allocations: 1495)
Completed 200 OK in 14ms (Views: 13.4ms | ActiveRecord: 0.0ms | Allocations: 1699)


Started GET "/users/new" for ::1 at 2022-11-18 11:10:32 -0800
Processing by UsersController#new as HTML
  Rendering layout layouts/application.html.erb
  Rendering users/new.html.erb within layouts/application
  Rendered users/new.html.erb within layouts/application (Duration: 0.9ms | Allocations: 533)
  Rendered layout layouts/application.html.erb (Duration: 9.7ms | Allocations: 1486)
Completed 200 OK in 11ms (Views: 10.4ms | ActiveRecord: 0.0ms | Allocations: 1710)


Started POST "/users" for ::1 at 2022-11-18 11:10:37 -0800
Processing by UsersController#create as HTML
  Parameters: {"authenticity_token"=>"[FILTERED]", "user"=>{"username"=>"test4", "password"=>"[FILTERED]"}}
  [1m[36mTRANSACTION (6.1ms)[0m  [1m[35mBEGIN[0m
  ↳ app/models/user.rb:46:in `generate_session_token'
  [1m[36mUser Exists? (0.5ms)[0m  [1m[34mSELECT 1 AS one FROM "users" WHERE "users"."id" = $1 LIMIT $2[0m  [["id", nil], ["LIMIT", 1]]
  ↳ app/models/user.rb:46:in `generate_session_token'
  [1m[36mUser Exists? (1.2ms)[0m  [1m[34mSELECT 1 AS one FROM "users" WHERE "users"."username" = $1 LIMIT $2[0m  [["username", "test4"], ["LIMIT", 1]]
  ↳ app/controllers/users_controller.rb:7:in `create'
  [1m[36mUser Exists? (6.8ms)[0m  [1m[34mSELECT 1 AS one FROM "users" WHERE "users"."session_token" = $1 LIMIT $2[0m  [["session_token", "[FILTERED]"], ["LIMIT", 1]]
  ↳ app/controllers/users_controller.rb:7:in `create'
  [1m[36mUser Create (1.0ms)[0m  [1m[32mINSERT INTO "users" ("username", "password_digest", "session_token", "created_at", "updated_at") VALUES ($1, $2, $3, $4, $5) RETURNING "id"[0m  [["username", "test4"], ["password_digest", "[FILTERED]"], ["session_token", "[FILTERED]"], ["created_at", "2022-11-18 19:10:38.568486"], ["updated_at", "2022-11-18 19:10:38.568486"]]
  ↳ app/controllers/users_controller.rb:7:in `create'
  [1m[36mTRANSACTION (88.9ms)[0m  [1m[35mCOMMIT[0m
  ↳ app/controllers/users_controller.rb:7:in `create'
  [1m[36mUser Exists? (1.1ms)[0m  [1m[34mSELECT 1 AS one FROM "users" WHERE "users"."id" = $1 LIMIT $2[0m  [["id", nil], ["LIMIT", 1]]
  ↳ app/models/user.rb:46:in `generate_session_token'
Redirected to http://localhost:3000/users/4
Completed 302 Found in 1246ms (ActiveRecord: 105.6ms | Allocations: 5118)


Started GET "/users/4" for ::1 at 2022-11-18 11:10:38 -0800
Processing by UsersController#show as HTML
  Parameters: {"id"=>"4"}
  [1m[36mUser Load (0.5ms)[0m  [1m[34mSELECT "users".* FROM "users" WHERE "users"."session_token" = $1 LIMIT $2[0m  [["session_token", "[FILTERED]"], ["LIMIT", 1]]
  ↳ app/controllers/application_controller.rb:5:in `current_user'
Redirected to http://localhost:3000/session/new
Filter chain halted as :require_logged_in rendered or redirected
Completed 302 Found in 5ms (ActiveRecord: 0.5ms | Allocations: 1088)


Started GET "/session/new" for ::1 at 2022-11-18 11:10:39 -0800
Processing by SessionsController#new as HTML
  Rendering layout layouts/application.html.erb
  Rendering sessions/new.html.erb within layouts/application
  Rendered sessions/new.html.erb within layouts/application (Duration: 1.6ms | Allocations: 549)
  Rendered layout layouts/application.html.erb (Duration: 8.1ms | Allocations: 1492)
Completed 200 OK in 15ms (Views: 9.9ms | ActiveRecord: 0.0ms | Allocations: 1697)


Started POST "/users" for ::1 at 2022-11-18 11:21:01 -0800
Processing by UsersController#create as HTML
  Parameters: {"authenticity_token"=>"[FILTERED]", "user"=>{"username"=>"test1", "password"=>"[FILTERED]"}}
  [1m[36mTRANSACTION (0.3ms)[0m  [1m[35mBEGIN[0m
  ↳ app/models/user.rb:46:in `generate_session_token'
  [1m[36mUser Exists? (2.0ms)[0m  [1m[34mSELECT 1 AS one FROM "users" WHERE "users"."id" = $1 LIMIT $2[0m  [["id", 5], ["LIMIT", 1]]
  ↳ app/models/user.rb:46:in `generate_session_token'
  [1m[36mUser Exists? (1.6ms)[0m  [1m[34mSELECT 1 AS one FROM "users" WHERE "users"."username" = $1 LIMIT $2[0m  [["username", "test1"], ["LIMIT", 1]]
  ↳ app/controllers/users_controller.rb:7:in `create'
  [1m[36mUser Exists? (0.8ms)[0m  [1m[34mSELECT 1 AS one FROM "users" WHERE "users"."session_token" = $1 LIMIT $2[0m  [["session_token", "[FILTERED]"], ["LIMIT", 1]]
  ↳ app/controllers/users_controller.rb:7:in `create'
  [1m[36mTRANSACTION (13.7ms)[0m  [1m[31mROLLBACK[0m
  ↳ app/controllers/users_controller.rb:7:in `create'
  Rendering layout layouts/application.html.erb
  Rendering users/new.html.erb within layouts/application
  Rendered users/new.html.erb within layouts/application (Duration: 7.0ms | Allocations: 274)
  [1m[36mUser Load (0.5ms)[0m  [1m[34mSELECT "users".* FROM "users" WHERE "users"."session_token" = $1 LIMIT $2[0m  [["session_token", "[FILTERED]"], ["LIMIT", 1]]
  ↳ app/controllers/application_controller.rb:5:in `current_user'
  Rendered layout layouts/application.html.erb (Duration: 68.6ms | Allocations: 2508)
Completed 200 OK in 1502ms (Views: 125.5ms | ActiveRecord: 84.9ms | Allocations: 10250)


Started GET "/session/new?authenticity_token=[FILTERED]" for ::1 at 2022-11-18 11:21:07 -0800
Processing by SessionsController#new as HTML
  Parameters: {"authenticity_token"=>"[FILTERED]"}
  Rendering layout layouts/application.html.erb
  Rendering sessions/new.html.erb within layouts/application
  Rendered sessions/new.html.erb within layouts/application (Duration: 6.3ms | Allocations: 939)
  [1m[36mUser Load (28.3ms)[0m  [1m[34mSELECT "users".* FROM "users" WHERE "users"."session_token" = $1 LIMIT $2[0m  [["session_token", "[FILTERED]"], ["LIMIT", 1]]
  ↳ app/controllers/application_controller.rb:5:in `current_user'
  Rendered layout layouts/application.html.erb (Duration: 197.7ms | Allocations: 2725)
Completed 200 OK in 211ms (Views: 182.5ms | ActiveRecord: 28.3ms | Allocations: 3277)


Started POST "/users" for ::1 at 2022-11-18 11:21:13 -0800
Processing by UsersController#create as HTML
  Parameters: {"authenticity_token"=>"[FILTERED]", "user"=>{"username"=>"test1", "password"=>"[FILTERED]"}}
  [1m[36mTRANSACTION (0.5ms)[0m  [1m[35mBEGIN[0m
  ↳ app/models/user.rb:46:in `generate_session_token'
  [1m[36mUser Exists? (2.2ms)[0m  [1m[34mSELECT 1 AS one FROM "users" WHERE "users"."id" = $1 LIMIT $2[0m  [["id", nil], ["LIMIT", 1]]
  ↳ app/models/user.rb:46:in `generate_session_token'
  [1m[36mUser Exists? (1.6ms)[0m  [1m[34mSELECT 1 AS one FROM "users" WHERE "users"."username" = $1 LIMIT $2[0m  [["username", "test1"], ["LIMIT", 1]]
  ↳ app/controllers/users_controller.rb:7:in `create'
  [1m[36mUser Exists? (15.4ms)[0m  [1m[34mSELECT 1 AS one FROM "users" WHERE "users"."session_token" = $1 LIMIT $2[0m  [["session_token", "[FILTERED]"], ["LIMIT", 1]]
  ↳ app/controllers/users_controller.rb:7:in `create'
  [1m[36mTRANSACTION (1.1ms)[0m  [1m[31mROLLBACK[0m
  ↳ app/controllers/users_controller.rb:7:in `create'
  Rendering layout layouts/application.html.erb
  Rendering users/new.html.erb within layouts/application
  Rendered users/new.html.erb within layouts/application (Duration: 0.7ms | Allocations: 57)
  [1m[36mUser Load (0.4ms)[0m  [1m[34mSELECT "users".* FROM "users" WHERE "users"."session_token" = $1 LIMIT $2[0m  [["session_token", "[FILTERED]"], ["LIMIT", 1]]
  ↳ app/controllers/application_controller.rb:5:in `current_user'
  Rendered layout layouts/application.html.erb (Duration: 39.6ms | Allocations: 1550)
Completed 200 OK in 1216ms (Views: 43.2ms | ActiveRecord: 21.3ms | Allocations: 6032)


Started GET "/session/new?authenticity_token=[FILTERED]" for ::1 at 2022-11-18 11:21:22 -0800
Processing by SessionsController#new as HTML
  Parameters: {"authenticity_token"=>"[FILTERED]"}
  Rendering layout layouts/application.html.erb
  Rendering sessions/new.html.erb within layouts/application
  Rendered sessions/new.html.erb within layouts/application (Duration: 4.5ms | Allocations: 564)
  [1m[36mUser Load (0.3ms)[0m  [1m[34mSELECT "users".* FROM "users" WHERE "users"."session_token" = $1 LIMIT $2[0m  [["session_token", "[FILTERED]"], ["LIMIT", 1]]
  ↳ app/controllers/application_controller.rb:5:in `current_user'
  Rendered layout layouts/application.html.erb (Duration: 42.4ms | Allocations: 2064)
Completed 200 OK in 44ms (Views: 43.7ms | ActiveRecord: 0.3ms | Allocations: 2269)


Started GET "/session/new?authenticity_token=[FILTERED]" for ::1 at 2022-11-18 11:22:06 -0800
Started POST "/users" for ::1 at 2022-11-18 11:22:11 -0800
Processing by SessionsController#new as HTML
  Parameters: {"authenticity_token"=>"[FILTERED]"}
  Rendering layout layouts/application.html.erb
  Rendering sessions/new.html.erb within layouts/application
  Rendered sessions/new.html.erb within layouts/application (Duration: 8.3ms | Allocations: 684)
